[debug] [2022-01-10T11:53:34.203Z] ----------------------------------------------------------------------
[debug] [2022-01-10T11:53:34.205Z] Command:       C:\Program Files\nodejs\node.exe C:\Program Files\nodejs\node_modules\firebase-tools\lib\bin\firebase.js serve --only functions
[debug] [2022-01-10T11:53:34.205Z] CLI Version:   10.0.1
[debug] [2022-01-10T11:53:34.205Z] Platform:      win32
[debug] [2022-01-10T11:53:34.205Z] Node Version:  v12.22.7
[debug] [2022-01-10T11:53:34.206Z] Time:          Mon Jan 10 2022 16:53:34 GMT+0500 (Pakistan Standard Time)
[debug] [2022-01-10T11:53:34.206Z] ----------------------------------------------------------------------
[debug] 
[debug] [2022-01-10T11:53:34.323Z] >>> [apiv2][query] GET https://firebase-public.firebaseio.com/cli.json [none]
[debug] [2022-01-10T11:53:34.545Z] > command requires scopes: ["email","openid","https://www.googleapis.com/auth/cloudplatformprojects.readonly","https://www.googleapis.com/auth/firebase","https://www.googleapis.com/auth/cloud-platform"]
[debug] [2022-01-10T11:53:34.545Z] > authorizing via signed-in user (sibteali786@gmail.com)
[debug] [2022-01-10T11:53:34.545Z] [iam] checking project think-piece-live-7d54e for permissions ["firebase.projects.get"]
[debug] [2022-01-10T11:53:34.547Z] > refreshing access token with scopes: ["email","https://www.googleapis.com/auth/cloud-platform","https://www.googleapis.com/auth/cloudplatformprojects.readonly","https://www.googleapis.com/auth/firebase","openid"]
[debug] [2022-01-10T11:53:34.547Z] >>> HTTP REQUEST POST https://www.googleapis.com/oauth2/v3/token  
 <request body omitted>
[debug] [2022-01-10T11:53:34.979Z] <<< HTTP RESPONSE 200 {"expires":"Mon, 01 Jan 1990 00:00:00 GMT","pragma":"no-cache","cache-control":"no-cache, no-store, max-age=0, must-revalidate","date":"Mon, 10 Jan 2022 11:53:33 GMT","content-type":"application/json; charset=utf-8","vary":"X-Origin, Referer, Origin,Accept-Encoding","server":"scaffolding on HTTPServer2","x-xss-protection":"0","x-frame-options":"SAMEORIGIN","x-content-type-options":"nosniff","alt-svc":"h3=\":443\"; ma=2592000,h3-29=\":443\"; ma=2592000,h3-Q050=\":443\"; ma=2592000,h3-Q046=\":443\"; ma=2592000,h3-Q043=\":443\"; ma=2592000,quic=\":443\"; ma=2592000; v=\"46,43\"","accept-ranges":"none","transfer-encoding":"chunked"}
[debug] [2022-01-10T11:53:35.076Z] >>> HTTP REQUEST POST https://cloudresourcemanager.googleapis.com/v1/projects/think-piece-live-7d54e:testIamPermissions  
 {"permissions":["firebase.projects.get"]}
[debug] [2022-01-10T11:53:35.603Z] <<< [apiv2][status] GET https://firebase-public.firebaseio.com/cli.json 200
[debug] [2022-01-10T11:53:35.604Z] <<< [apiv2][body] GET https://firebase-public.firebaseio.com/cli.json {"cloudBuildErrorAfter":1594252800000,"cloudBuildWarnAfter":1590019200000,"defaultNode10After":1594252800000,"minVersion":"3.0.5","node8DeploysDisabledAfter":1613390400000,"node8RuntimeDisabledAfter":1615809600000,"node8WarnAfter":1600128000000}
[debug] [2022-01-10T11:53:36.683Z] <<< HTTP RESPONSE 200 {"content-type":"application/json; charset=UTF-8","vary":"X-Origin, Referer, Origin,Accept-Encoding","date":"Mon, 10 Jan 2022 11:53:35 GMT","server":"ESF","cache-control":"private","x-xss-protection":"0","x-frame-options":"SAMEORIGIN","x-content-type-options":"nosniff","server-timing":"gfet4t7; dur=1185","alt-svc":"h3=\":443\"; ma=2592000,h3-29=\":443\"; ma=2592000,h3-Q050=\":443\"; ma=2592000,h3-Q046=\":443\"; ma=2592000,h3-Q043=\":443\"; ma=2592000,quic=\":443\"; ma=2592000; v=\"46,43\"","accept-ranges":"none","transfer-encoding":"chunked"}
[debug] [2022-01-10T11:53:36.683Z] > refreshing access token with scopes: []
[debug] [2022-01-10T11:53:36.684Z] >>> HTTP REQUEST POST https://www.googleapis.com/oauth2/v3/token  
 <request body omitted>
[debug] [2022-01-10T11:53:37.057Z] <<< HTTP RESPONSE 200 {"cache-control":"no-cache, no-store, max-age=0, must-revalidate","pragma":"no-cache","date":"Mon, 10 Jan 2022 11:53:35 GMT","expires":"Mon, 01 Jan 1990 00:00:00 GMT","content-type":"application/json; charset=utf-8","vary":"X-Origin, Referer, Origin,Accept-Encoding","server":"scaffolding on HTTPServer2","x-xss-protection":"0","x-frame-options":"SAMEORIGIN","x-content-type-options":"nosniff","alt-svc":"h3=\":443\"; ma=2592000,h3-29=\":443\"; ma=2592000,h3-Q050=\":443\"; ma=2592000,h3-Q046=\":443\"; ma=2592000,h3-Q043=\":443\"; ma=2592000,quic=\":443\"; ma=2592000; v=\"46,43\"","accept-ranges":"none","transfer-encoding":"chunked"}
[debug] [2022-01-10T11:53:37.168Z] >>> [apiv2][query] GET https://firebase.googleapis.com/v1beta1/projects/think-piece-live-7d54e [none]
[debug] [2022-01-10T11:53:37.837Z] <<< [apiv2][status] GET https://firebase.googleapis.com/v1beta1/projects/think-piece-live-7d54e 200
[debug] [2022-01-10T11:53:37.837Z] <<< [apiv2][body] GET https://firebase.googleapis.com/v1beta1/projects/think-piece-live-7d54e {"projectId":"think-piece-live-7d54e","projectNumber":"7731439253","displayName":"Think Piece Live","name":"projects/think-piece-live-7d54e","resources":{"hostingSite":"think-piece-live-7d54e","storageBucket":"think-piece-live-7d54e.appspot.com","locationId":"us-central"},"state":"ACTIVE"}
[warn] !  Your requested "node" version "10" doesn't match your global version "12" {"metadata":{"emulator":{"name":"functions"},"message":"Your requested \"node\" version \"10\" doesn't match your global version \"12\""}}
[debug] [2022-01-10T11:53:37.844Z] defaultcredentials: writing to file C:\Users\Syed Sibteali Baqar\AppData\Roaming\firebase\sibteali786_gmail_com_application_default_credentials.json
[debug] [2022-01-10T11:53:37.845Z] Setting GAC to C:\Users\Syed Sibteali Baqar\AppData\Roaming\firebase\sibteali786_gmail_com_application_default_credentials.json {"metadata":{"emulator":{"name":"functions"},"message":"Setting GAC to C:\\Users\\Syed Sibteali Baqar\\AppData\\Roaming\\firebase\\sibteali786_gmail_com_application_default_credentials.json"}}
[debug] [2022-01-10T11:53:37.846Z] >>> [apiv2][query] GET https://firebase.googleapis.com/v1beta1/projects/think-piece-live-7d54e/adminSdkConfig [none]
[debug] [2022-01-10T11:53:38.358Z] <<< [apiv2][status] GET https://firebase.googleapis.com/v1beta1/projects/think-piece-live-7d54e/adminSdkConfig 200
[debug] [2022-01-10T11:53:38.358Z] <<< [apiv2][body] GET https://firebase.googleapis.com/v1beta1/projects/think-piece-live-7d54e/adminSdkConfig {"projectId":"think-piece-live-7d54e","storageBucket":"think-piece-live-7d54e.appspot.com","locationId":"us-central"}
[info] i  functions: Watching "E:\FireBase_React\think-piece\functions" for Cloud Functions... {"metadata":{"emulator":{"name":"functions"},"message":"Watching \"E:\\FireBase_React\\think-piece\\functions\" for Cloud Functions..."}}
[debug] [2022-01-10T11:53:38.440Z] [worker-pool] addWorker(~diagnostic~) {"metadata":{"emulator":{"name":"functions"},"message":"[worker-pool] addWorker(~diagnostic~)"}}
[debug] [2022-01-10T11:53:38.440Z] [worker-pool] Adding worker with key ~diagnostic~, total=1 {"metadata":{"emulator":{"name":"functions"},"message":"[worker-pool] Adding worker with key ~diagnostic~, total=1"}}
[debug] [2022-01-10T11:53:38.440Z] [worker-pool] submitWork(triggerId=) {"metadata":{"emulator":{"name":"functions"},"message":"[worker-pool] submitWork(triggerId=)"}}
[debug] [2022-01-10T11:53:38.441Z] [worker-~diagnostic~-7fa8e42c-049f-4354-bc25-998456005c39]: Assigning socketPath: \\?\pipe\E:\FireBase_React\think-piece\functions\24752 {"metadata":{"emulator":{"name":"functions"},"message":"[worker-~diagnostic~-7fa8e42c-049f-4354-bc25-998456005c39]: Assigning socketPath: \\\\?\\pipe\\E:\\FireBase_React\\think-piece\\functions\\24752"}}
[debug] [2022-01-10T11:53:38.441Z] [worker-~diagnostic~-7fa8e42c-049f-4354-bc25-998456005c39]: BUSY {"metadata":{"emulator":{"name":"functions"},"message":"[worker-~diagnostic~-7fa8e42c-049f-4354-bc25-998456005c39]: BUSY"}}
[debug] [2022-01-10T11:53:38.735Z] [runtime-status] [24752] Functions runtime initialized. {"cwd":"E:\\FireBase_React\\think-piece\\functions","node_version":"12.22.7"} {"metadata":{"emulator":{"name":"functions"},"message":"[runtime-status] [24752] Functions runtime initialized. {\"cwd\":\"E:\\\\FireBase_React\\\\think-piece\\\\functions\",\"node_version\":\"12.22.7\"}"}}
[debug] [2022-01-10T11:53:38.736Z] [runtime-status] [24752] Disabled runtime features: undefined {"metadata":{"emulator":{"name":"functions"},"message":"[runtime-status] [24752] Disabled runtime features: undefined"}}
[debug] [2022-01-10T11:53:38.740Z] [runtime-status] [24752] Resolved module firebase-admin {"declared":true,"installed":true,"version":"9.12.0","resolution":"E:\\FireBase_React\\think-piece\\functions\\node_modules\\firebase-admin\\lib\\index.js"} {"metadata":{"emulator":{"name":"functions"},"message":"[runtime-status] [24752] Resolved module firebase-admin {\"declared\":true,\"installed\":true,\"version\":\"9.12.0\",\"resolution\":\"E:\\\\FireBase_React\\\\think-piece\\\\functions\\\\node_modules\\\\firebase-admin\\\\lib\\\\index.js\"}"}}
[debug] [2022-01-10T11:53:38.744Z] [runtime-status] [24752] Resolved module firebase-functions {"declared":true,"installed":true,"version":"3.16.0","resolution":"E:\\FireBase_React\\think-piece\\functions\\node_modules\\firebase-functions\\lib\\index.js"} {"metadata":{"emulator":{"name":"functions"},"message":"[runtime-status] [24752] Resolved module firebase-functions {\"declared\":true,\"installed\":true,\"version\":\"3.16.0\",\"resolution\":\"E:\\\\FireBase_React\\\\think-piece\\\\functions\\\\node_modules\\\\firebase-functions\\\\lib\\\\index.js\"}"}}
[debug] [2022-01-10T11:53:38.746Z] [runtime-status] [24752] Outgoing network have been stubbed. [{"name":"http","status":"mocked"},{"name":"http","status":"mocked"},{"name":"https","status":"mocked"},{"name":"https","status":"mocked"},{"name":"net","status":"mocked"}] {"metadata":{"emulator":{"name":"functions"},"message":"[runtime-status] [24752] Outgoing network have been stubbed. [{\"name\":\"http\",\"status\":\"mocked\"},{\"name\":\"http\",\"status\":\"mocked\"},{\"name\":\"https\",\"status\":\"mocked\"},{\"name\":\"https\",\"status\":\"mocked\"},{\"name\":\"net\",\"status\":\"mocked\"}]"}}
[debug] [2022-01-10T11:53:38.747Z] [runtime-status] [24752] Resolved module firebase-functions {"declared":true,"installed":true,"version":"3.16.0","resolution":"E:\\FireBase_React\\think-piece\\functions\\node_modules\\firebase-functions\\lib\\index.js"} {"metadata":{"emulator":{"name":"functions"},"message":"[runtime-status] [24752] Resolved module firebase-functions {\"declared\":true,\"installed\":true,\"version\":\"3.16.0\",\"resolution\":\"E:\\\\FireBase_React\\\\think-piece\\\\functions\\\\node_modules\\\\firebase-functions\\\\lib\\\\index.js\"}"}}
[debug] [2022-01-10T11:53:40.823Z] [runtime-status] [24752] Checked functions.config() {"config":{}} {"metadata":{"emulator":{"name":"functions"},"message":"[runtime-status] [24752] Checked functions.config() {\"config\":{}}"}}
[debug] [2022-01-10T11:53:40.823Z] [runtime-status] [24752] firebase-functions has been stubbed. {"functionsResolution":{"declared":true,"installed":true,"version":"3.16.0","resolution":"E:\\FireBase_React\\think-piece\\functions\\node_modules\\firebase-functions\\lib\\index.js"}} {"metadata":{"emulator":{"name":"functions"},"message":"[runtime-status] [24752] firebase-functions has been stubbed. {\"functionsResolution\":{\"declared\":true,\"installed\":true,\"version\":\"3.16.0\",\"resolution\":\"E:\\\\FireBase_React\\\\think-piece\\\\functions\\\\node_modules\\\\firebase-functions\\\\lib\\\\index.js\"}}"}}
[debug] [2022-01-10T11:53:40.824Z] [runtime-status] [24752] Resolved module firebase-functions {"declared":true,"installed":true,"version":"3.16.0","resolution":"E:\\FireBase_React\\think-piece\\functions\\node_modules\\firebase-functions\\lib\\index.js"} {"metadata":{"emulator":{"name":"functions"},"message":"[runtime-status] [24752] Resolved module firebase-functions {\"declared\":true,\"installed\":true,\"version\":\"3.16.0\",\"resolution\":\"E:\\\\FireBase_React\\\\think-piece\\\\functions\\\\node_modules\\\\firebase-functions\\\\lib\\\\index.js\"}"}}
[debug] [2022-01-10T11:53:40.825Z] [runtime-status] [24752] Resolved module firebase-admin {"declared":true,"installed":true,"version":"9.12.0","resolution":"E:\\FireBase_React\\think-piece\\functions\\node_modules\\firebase-admin\\lib\\index.js"} {"metadata":{"emulator":{"name":"functions"},"message":"[runtime-status] [24752] Resolved module firebase-admin {\"declared\":true,\"installed\":true,\"version\":\"9.12.0\",\"resolution\":\"E:\\\\FireBase_React\\\\think-piece\\\\functions\\\\node_modules\\\\firebase-admin\\\\lib\\\\index.js\"}"}}
[debug] [2022-01-10T11:53:40.826Z] [runtime-status] [24752] Resolved module firebase-functions {"declared":true,"installed":true,"version":"3.16.0","resolution":"E:\\FireBase_React\\think-piece\\functions\\node_modules\\firebase-functions\\lib\\index.js"} {"metadata":{"emulator":{"name":"functions"},"message":"[runtime-status] [24752] Resolved module firebase-functions {\"declared\":true,\"installed\":true,\"version\":\"3.16.0\",\"resolution\":\"E:\\\\FireBase_React\\\\think-piece\\\\functions\\\\node_modules\\\\firebase-functions\\\\lib\\\\index.js\"}"}}
[debug] [2022-01-10T11:53:40.826Z] [runtime-status] [24752] firebase-admin has been stubbed. {"adminResolution":{"declared":true,"installed":true,"version":"9.12.0","resolution":"E:\\FireBase_React\\think-piece\\functions\\node_modules\\firebase-admin\\lib\\index.js"}} {"metadata":{"emulator":{"name":"functions"},"message":"[runtime-status] [24752] firebase-admin has been stubbed. {\"adminResolution\":{\"declared\":true,\"installed\":true,\"version\":\"9.12.0\",\"resolution\":\"E:\\\\FireBase_React\\\\think-piece\\\\functions\\\\node_modules\\\\firebase-admin\\\\lib\\\\index.js\"}}"}}
[warn] !  It looks like you're trying to access functions.config().firebase but there is no value there. You can learn more about setting up config here: https://firebase.google.com/docs/functions/local-emulator {"metadata":{"emulator":{"name":"functions"},"message":"It looks like you're trying to access functions.config().firebase but there is no value there. You can learn more about setting up config here: https://firebase.google.com/docs/functions/local-emulator"}}
[debug] [2022-01-10T11:53:40.836Z] [runtime-status] [24752] initializeApp(DEFAULT) {"storageBucket":"think-piece-live-7d54e.appspot.com","projectId":"think-piece-live-7d54e"} {"metadata":{"emulator":{"name":"functions"},"message":"[runtime-status] [24752] initializeApp(DEFAULT) {\"storageBucket\":\"think-piece-live-7d54e.appspot.com\",\"projectId\":\"think-piece-live-7d54e\"}"}}
[warn] !  functions: The Cloud Firestore emulator is not running, so calls to Firestore will affect production. {"metadata":{"emulator":{"name":"functions"},"message":"The Cloud Firestore emulator is not running, so calls to Firestore will affect production."}}
[info] +  functions[us-central1-helloWorld]: http function initialized (http://localhost:5000/think-piece-live-7d54e/us-central1/helloWorld). {"metadata":{"emulator":{"name":"functions"},"message":"\u001b[1mhttp\u001b[22m function initialized (http://localhost:5000/think-piece-live-7d54e/us-central1/helloWorld)."}}
[info] +  functions[us-central1-getAllPosts]: http function initialized (http://localhost:5000/think-piece-live-7d54e/us-central1/getAllPosts). {"metadata":{"emulator":{"name":"functions"},"message":"\u001b[1mhttp\u001b[22m function initialized (http://localhost:5000/think-piece-live-7d54e/us-central1/getAllPosts)."}}
[info] i  functions[us-central1-sanitizeContent]: function ignored because the firestore emulator does not exist or is not running. {"metadata":{"emulator":{"name":"functions"},"message":"function ignored because the firestore emulator does not exist or is not running."}}
[info] i  functions[us-central1-incrementCommentCount]: function ignored because the firestore emulator does not exist or is not running. {"metadata":{"emulator":{"name":"functions"},"message":"function ignored because the firestore emulator does not exist or is not running."}}
[debug] [2022-01-10T11:53:43.872Z] [worker-~diagnostic~-7fa8e42c-049f-4354-bc25-998456005c39]: IDLE {"metadata":{"emulator":{"name":"functions"},"message":"[worker-~diagnostic~-7fa8e42c-049f-4354-bc25-998456005c39]: IDLE"}}
